[2026-03-26 10:50:18] ========== VERIFICATION TICK ==========
[2026-03-26 10:50:18] S1-PROCESSES:
[2026-03-26 10:50:18]   phase3-gen: ALIVE (pid=276258) GPU=[282765, 38086 MiB]
[2026-03-26 10:50:18]   spark2: 6 python procs, GPU=[145156, 368 MiB]
[2026-03-26 10:50:18] S2-ARTIFACTS:
[2026-03-26 10:50:18]   phase3: 7 videos, 7 results, 7 completed
[2026-03-26 10:50:18]   scorer:     78 total
[2026-03-26 10:50:18]   sdxl_faces: v1=5 v2=4
[2026-03-26 10:50:18]   agent_outputs: 55 files
[2026-03-26 10:50:18]   deliverables: prompts=MISSING report=MISSING playbook=MISSING
[2026-03-26 10:50:18] S3-TIMESTAMPS:
[2026-03-26 10:50:18]   phase3_log: [2026-03-26 10:48:09]
[2026-03-26 10:50:18]   http_9090: UP
[2026-03-26 10:50:18] ========== END TICK ==========
[2026-03-26 10:50:18]   [push failed]
[2026-03-26 10:55:18] ========== VERIFICATION TICK ==========
[2026-03-26 10:55:18] S1-PROCESSES:
[2026-03-26 10:55:18]   phase3-gen: ALIVE (pid=276258) GPU=[284131, 32770 MiB]
[2026-03-26 10:55:18]   spark2: 6 python procs, GPU=[145156, 368 MiB]
[2026-03-26 10:55:18] S2-ARTIFACTS:
[2026-03-26 10:55:18]   phase3: 8 videos, 8 results, 8 completed
[2026-03-26 10:55:18]   scorer:     78 total
[2026-03-26 10:55:18]   sdxl_faces: v1=5 v2=8
[2026-03-26 10:55:18]   agent_outputs: 54 files
[2026-03-26 10:55:18]   deliverables: prompts=/home/gumbiidigital/daVinci-MagiHuman/product_review_prompts.json
EXISTS report=/home/gumbiidigital/models/benchmark_results_v2/REPORT.md
EXISTS playbook=/home/gumbiidigital/skool-scrape/PLAYBOOK.md
EXISTS
[2026-03-26 10:55:18] S3-TIMESTAMPS:
[2026-03-26 10:55:18]   phase3_log: [2026-03-26 10:54:27]
[2026-03-26 10:55:18]   http_9090: UP
[2026-03-26 10:55:18] ========== END TICK ==========
[2026-03-26 10:55:18]   [push failed]
[2026-03-26 11:00:18] ========== VERIFICATION TICK ==========
[2026-03-26 11:00:18] S1-PROCESSES:
[2026-03-26 11:00:18]   phase3-gen: ALIVE (pid=276258) GPU=[284131, 51063 MiB]
[2026-03-26 11:00:18]   spark2: 4 python procs, GPU=[145156, 368 MiB]
[2026-03-26 11:00:18] S2-ARTIFACTS:
[2026-03-26 11:00:18]   phase3: 9 videos, 8 results, 8 completed
[2026-03-26 11:00:18]   scorer:     78 total
[2026-03-26 11:00:18]   sdxl_faces: v1=5 v2=9
[2026-03-26 11:00:18]   agent_outputs: 61 files
[2026-03-26 11:00:18]   deliverables: prompts=/home/gumbiidigital/daVinci-MagiHuman/product_review_prompts.json
EXISTS report=/home/gumbiidigital/models/benchmark_results_v2/REPORT.md
EXISTS playbook=/home/gumbiidigital/skool-scrape/PLAYBOOK.md
EXISTS
[2026-03-26 11:00:18] S3-TIMESTAMPS:
[2026-03-26 11:00:18]   phase3_log: [2026-03-26 10:54:27]
[2026-03-26 11:00:18]   http_9090: UP
[2026-03-26 11:00:18] ========== END TICK ==========
