=== 2026-03-25 20:09:46 UTC ===
S1-PROCS: tmux=6 gen=4 gpu=1 % temp=46C
S2-LOGS:
  phase1: [Wed Mar 25 08:07:01 PM UTC 2026] [44/56] Generating: nighttime_craving_seed137 (8s)
  phase2: [Wed Mar 25 08:09:43 PM UTC 2026] GPU busy (Phase 1 still running), waiting 60s...
  watcher: [Wed Mar 25 08:08:08 PM UTC 2026] Phase 1 scores: 21/28
S3-ARTIFACTS: p1_vids=43/56 p1_scores=21/28 p2_vids=0 http=200
---
=== 2026-03-25 20:14:47 UTC ===
S1-PROCS: tmux=6 gen=3 gpu=1 % temp=51C
S2-LOGS:
  phase1: [Wed Mar 25 08:14:04 PM UTC 2026] [45/56] Generating: gym_energy_seed42 (7s)
  phase2: [Wed Mar 25 08:14:43 PM UTC 2026] GPU busy (Phase 1 still running), waiting 60s...
  watcher: [Wed Mar 25 08:14:08 PM UTC 2026] Phase 1 scores: 22/28
S3-ARTIFACTS: p1_vids=44/56 p1_scores=22/28 p2_vids=0 http=200
---
=== 2026-03-25 20:19:48 UTC ===
S1-PROCS: tmux=6 gen=3 gpu=96 % temp=75C
S2-LOGS:
  phase1: [Wed Mar 25 08:14:04 PM UTC 2026] [45/56] Generating: gym_energy_seed42 (7s)
  phase2: [Wed Mar 25 08:19:43 PM UTC 2026] GPU busy (Phase 1 still running), waiting 60s...
  watcher: [Wed Mar 25 08:18:08 PM UTC 2026] Phase 1 scores: 22/28
S3-ARTIFACTS: p1_vids=44/56 p1_scores=22/28 p2_vids=0 http=200
---
